<?xml version="1.0" encoding="UTF-8"?>
<!-- Generated by org.testng.reporters.JUnitReportReporter -->
<testsuite hostname="ACLA002P2850" failures="0" tests="1" name="tests.DashboardTest" time="14.018" errors="0" timestamp="2021-03-04T13:02:38 IST" skipped="0">
  <testcase classname="tests.DashboardTest" name="initialization" time="14.018"/>
  <system-out/>
</testsuite> <!-- tests.DashboardTest -->
