<?xml version="1.0" encoding="UTF-8"?>
<!-- Generated by org.testng.reporters.JUnitReportReporter -->
<testsuite hostname="ACLA002P2850" failures="0" tests="1" name="tests.DashboardTest" time="16.119" errors="0" timestamp="2021-02-27T16:23:47 IST" skipped="0">
  <testcase classname="tests.DashboardTest" name="initialization" time="16.119"/>
  <system-out/>
</testsuite> <!-- tests.DashboardTest -->
