<?xml version="1.0" encoding="UTF-8"?>
<!-- Generated by org.testng.reporters.JUnitReportReporter -->
<testsuite hostname="ACLA002P2850" failures="0" tests="1" name="tests.LoginTest" time="7.799" errors="0" timestamp="2021-03-04T17:03:40 IST" skipped="0">
  <testcase classname="tests.LoginTest" name="loginPage" time="7.799"/>
  <system-out/>
</testsuite> <!-- tests.LoginTest -->
